<?xml version="1.0" encoding="UTF-8"?>
<!-- Generated by org.testng.reporters.JUnitXMLReporter -->
<testsuite ignored="0" hostname="hsaudi-10" failures="0" tests="11" name="Surefire test" time="464.614" errors="0" timestamp="2021-08-19T11:49:36 EET">
  <testcase classname="com.sumerge.tests.CartTest" name="cartTest" time="61.032"/>
  <testcase classname="com.sumerge.tests.CartTest" name="cartTest" time="47.648"/>
  <testcase classname="com.sumerge.tests.CreateAccountPageTest" name="createAccountTest" time="25.88"/>
  <testcase classname="com.sumerge.tests.CreateAccountPageTest" name="createAccountTest" time="26.689"/>
  <testcase classname="com.sumerge.tests.HomePageTest" name="homePageTest" time="11.028"/>
  <testcase classname="com.sumerge.tests.InvalidSignInTest" name="signInTest" time="17.934"/>
  <testcase classname="com.sumerge.tests.InvalidSignInTest" name="signInTest" time="14.944"/>
  <testcase classname="com.sumerge.tests.SignUpTest" name="signInPageTest" time="17.268"/>
  <testcase classname="com.sumerge.tests.SignUpTest" name="signInPageTest" time="17.763"/>
  <testcase classname="com.sumerge.tests.ValidSignInTest" name="signInTest" time="18.077"/>
  <testcase classname="com.sumerge.tests.ValidSignInTest" name="signInTest" time="14.848"/>
</testsuite> <!-- Surefire test -->
