<?xml version="1.0" encoding="UTF-8"?>
<testsuite xmlns:xsi="http://www.w3.org/2001/XMLSchema-instance" xsi:noNamespaceSchemaLocation="https://maven.apache.org/surefire/maven-surefire-plugin/xsd/surefire-test-report.xsd" name="TestSuite" time="145.272" tests="11" errors="0" skipped="0" failures="2">
  <properties>
[...]
</properties>
  <testcase name="cartTest" classname="com.sumerge.tests.CartTest" time="3.115">
    <failure message="The following asserts failed:&#10;	expected [true] but found [false]" type="java.lang.AssertionError">java.lang.AssertionError: 
The following asserts failed:
	expected [true] but found [false]
	at com.sumerge.tests.CartTest.cartTest(CartTest.java:31)
</failure>
    <system-err><![CDATA[Starting ChromeDriver 91.0.4472.101 (af52a90bf87030dd1523486a1cd3ae25c5d76c9b-refs/branch-heads/4472@{#1462}) on port 20242
Only local connections are allowed.
Please see https://chromedriver.chromium.org/security-considerations for suggestions on keeping ChromeDriver safe.
ChromeDriver was started successfully.
[1629651237.484][WARNING]: This version of ChromeDriver has not been tested with Chrome version 92.
Aug 22, 2021 6:53:57 PM org.openqa.selenium.remote.ProtocolHandshake createSession
INFO: Detected dialect: W3C
]]></system-err>
  </testcase>
  <testcase name="cartTest" classname="com.sumerge.tests.CartTest" time="0.007">
    <failure message="The following asserts failed:&#10;	expected [true] but found [false]" type="java.lang.AssertionError">java.lang.AssertionError: 
The following asserts failed:
	expected [true] but found [false]
	at com.sumerge.tests.CartTest.cartTest(CartTest.java:27)
</failure>
    <system-err><![CDATA[Starting ChromeDriver 91.0.4472.101 (af52a90bf87030dd1523486a1cd3ae25c5d76c9b-refs/branch-heads/4472@{#1462}) on port 47811
Only local connections are allowed.
Please see https://chromedriver.chromium.org/security-considerations for suggestions on keeping ChromeDriver safe.
ChromeDriver was started successfully.
[1629651251.909][WARNING]: This version of ChromeDriver has not been tested with Chrome version 92.
Aug 22, 2021 6:54:11 PM org.openqa.selenium.remote.ProtocolHandshake createSession
INFO: Detected dialect: W3C
]]></system-err>
  </testcase>
  <testcase name="createAccountTest" classname="com.sumerge.tests.CreateAccountPageTest" time="6.966"/>
  <testcase name="createAccountTest" classname="com.sumerge.tests.CreateAccountPageTest" time="6.456"/>
  <testcase name="homePageTest" classname="com.sumerge.tests.HomePageTest" time="0.007"/>
  <testcase name="signInTest" classname="com.sumerge.tests.InvalidSignInTest" time="3.731"/>
  <testcase name="signInTest" classname="com.sumerge.tests.InvalidSignInTest" time="3.36"/>
  <testcase name="signInPageTest" classname="com.sumerge.tests.SignUpTest" time="3.607"/>
  <testcase name="signInPageTest" classname="com.sumerge.tests.SignUpTest" time="3.407"/>
  <testcase name="signInTest" classname="com.sumerge.tests.ValidSignInTest" time="5.368"/>
  <testcase name="signInTest" classname="com.sumerge.tests.ValidSignInTest" time="3.268"/>
</testsuite>