<?xml version="1.0" encoding="UTF-8"?>
<testsuite xmlns:xsi="http://www.w3.org/2001/XMLSchema-instance" xsi:noNamespaceSchemaLocation="https://maven.apache.org/surefire/maven-surefire-plugin/xsd/surefire-test-report.xsd" name="com.sumerge.tests.CartTest" time="128.923" tests="2" errors="0" skipped="0" failures="0">
  <properties>
[...]
</properties>
  <testcase name="cartTest" classname="com.sumerge.tests.CartTest" time="55.667"/>
  <testcase name="cartTest" classname="com.sumerge.tests.CartTest" time="43.265"/>
</testsuite>