<?xml version="1.0" encoding="UTF-8"?>
<testng-results ignored="0" total="11" passed="9" failed="2" skipped="0">
  <reporter-output>
  </reporter-output>
  <suite started-at="2021-08-22T18:53:55 EET" name="Surefire suite" finished-at="2021-08-22T18:56:19 EET" duration-ms="144649">
    <groups>
    </groups>
    <test started-at="2021-08-22T18:53:55 EET" name="Surefire test" finished-at="2021-08-22T18:56:19 EET" duration-ms="144649">
      <class name="com.sumerge.tests.HomePageTest">
        <test-method is-config="true" signature="startDriver()[pri:0, instance:com.sumerge.tests.HomePageTest@22ff4249]" started-at="2021-08-22T18:54:53 EET" name="startDriver" finished-at="2021-08-22T18:55:01 EET" duration-ms="7852" status="PASS">
          <reporter-output>
          </reporter-output>
        </test-method> <!-- startDriver -->
        <test-method signature="homePageTest()[pri:0, instance:com.sumerge.tests.HomePageTest@22ff4249]" started-at="2021-08-22T18:55:01 EET" name="homePageTest" finished-at="2021-08-22T18:55:01 EET" duration-ms="7" status="PASS">
          <reporter-output>
          </reporter-output>
        </test-method> <!-- homePageTest -->
        <test-method is-config="true" signature="stopDriver()[pri:0, instance:com.sumerge.tests.HomePageTest@22ff4249]" started-at="2021-08-22T18:55:01 EET" name="stopDriver" finished-at="2021-08-22T18:55:02 EET" duration-ms="711" status="PASS">
          <reporter-output>
          </reporter-output>
        </test-method> <!-- stopDriver -->
      </class> <!-- com.sumerge.tests.HomePageTest -->
      <class name="com.sumerge.tests.CreateAccountPageTest">
        <test-method is-config="true" signature="startDriver()[pri:0, instance:com.sumerge.tests.CreateAccountPageTest@6025e1b6]" started-at="2021-08-22T18:54:20 EET" name="startDriver" finished-at="2021-08-22T18:54:29 EET" duration-ms="9234" status="PASS">
          <reporter-output>
          </reporter-output>
        </test-method> <!-- startDriver -->
        <test-method signature="createAccountTest(java.lang.String,java.lang.String,java.lang.String,java.lang.String,java.lang.String,java.lang.String,java.lang.String,java.lang.String,java.lang.String,java.lang.String)[pri:0, instance:com.sumerge.tests.CreateAccountPageTest@6025e1b6]" started-at="2021-08-22T18:54:29 EET" name="createAccountTest" data-provider="Creation Data" finished-at="2021-08-22T18:54:36 EET" duration-ms="6965" status="PASS">
          <params>
            <param index="0">
              <value>
                <![CDATA[valid122new13@gmail.com]]>
              </value>
            </param>
            <param index="1">
              <value>
                <![CDATA[test123456]]>
              </value>
            </param>
            <param index="2">
              <value>
                <![CDATA[test]]>
              </value>
            </param>
            <param index="3">
              <value>
                <![CDATA[test]]>
              </value>
            </param>
            <param index="4">
              <value>
                <![CDATA[Address1]]>
              </value>
            </param>
            <param index="5">
              <value>
                <![CDATA[test city]]>
              </value>
            </param>
            <param index="6">
              <value>
                <![CDATA[my add]]>
              </value>
            </param>
            <param index="7">
              <value>
                <![CDATA[10100]]>
              </value>
            </param>
            <param index="8">
              <value>
                <![CDATA[1]]>
              </value>
            </param>
            <param index="9">
              <value>
                <![CDATA[10101010]]>
              </value>
            </param>
          </params>
          <reporter-output>
          </reporter-output>
        </test-method> <!-- createAccountTest -->
        <test-method is-config="true" signature="stopDriver()[pri:0, instance:com.sumerge.tests.CreateAccountPageTest@6025e1b6]" started-at="2021-08-22T18:54:36 EET" name="stopDriver" finished-at="2021-08-22T18:54:37 EET" duration-ms="708" status="PASS">
          <reporter-output>
          </reporter-output>
        </test-method> <!-- stopDriver -->
        <test-method is-config="true" signature="startDriver()[pri:0, instance:com.sumerge.tests.CreateAccountPageTest@6025e1b6]" started-at="2021-08-22T18:54:37 EET" name="startDriver" finished-at="2021-08-22T18:54:46 EET" duration-ms="9052" status="PASS">
          <reporter-output>
          </reporter-output>
        </test-method> <!-- startDriver -->
        <test-method signature="createAccountTest(java.lang.String,java.lang.String,java.lang.String,java.lang.String,java.lang.String,java.lang.String,java.lang.String,java.lang.String,java.lang.String,java.lang.String)[pri:0, instance:com.sumerge.tests.CreateAccountPageTest@6025e1b6]" started-at="2021-08-22T18:54:46 EET" name="createAccountTest" data-provider="Creation Data" finished-at="2021-08-22T18:54:52 EET" duration-ms="6456" status="PASS">
          <params>
            <param index="0">
              <value>
                <![CDATA[valid211new13@gmail.com]]>
              </value>
            </param>
            <param index="1">
              <value>
                <![CDATA[test1234562]]>
              </value>
            </param>
            <param index="2">
              <value>
                <![CDATA[test second]]>
              </value>
            </param>
            <param index="3">
              <value>
                <![CDATA[test second]]>
              </value>
            </param>
            <param index="4">
              <value>
                <![CDATA[Address2]]>
              </value>
            </param>
            <param index="5">
              <value>
                <![CDATA[test city2]]>
              </value>
            </param>
            <param index="6">
              <value>
                <![CDATA[my add2]]>
              </value>
            </param>
            <param index="7">
              <value>
                <![CDATA[10100]]>
              </value>
            </param>
            <param index="8">
              <value>
                <![CDATA[1]]>
              </value>
            </param>
            <param index="9">
              <value>
                <![CDATA[20202020]]>
              </value>
            </param>
          </params>
          <reporter-output>
          </reporter-output>
        </test-method> <!-- createAccountTest -->
        <test-method is-config="true" signature="stopDriver()[pri:0, instance:com.sumerge.tests.CreateAccountPageTest@6025e1b6]" started-at="2021-08-22T18:54:52 EET" name="stopDriver" finished-at="2021-08-22T18:54:53 EET" duration-ms="746" status="PASS">
          <reporter-output>
          </reporter-output>
        </test-method> <!-- stopDriver -->
      </class> <!-- com.sumerge.tests.CreateAccountPageTest -->
      <class name="com.sumerge.tests.InvalidSignInTest">
        <test-method is-config="true" signature="startDriver()[pri:0, instance:com.sumerge.tests.InvalidSignInTest@2d1ef81a]" started-at="2021-08-22T18:55:02 EET" name="startDriver" finished-at="2021-08-22T18:55:10 EET" duration-ms="8621" status="PASS">
          <reporter-output>
          </reporter-output>
        </test-method> <!-- startDriver -->
        <test-method signature="signInTest(java.lang.String,java.lang.String)[pri:0, instance:com.sumerge.tests.InvalidSignInTest@2d1ef81a]" started-at="2021-08-22T18:55:10 EET" name="signInTest" data-provider="Invalid Data" finished-at="2021-08-22T18:55:14 EET" duration-ms="3732" status="PASS">
          <params>
            <param index="0">
              <value>
                <![CDATA[invalid1new1@gmail.com]]>
              </value>
            </param>
            <param index="1">
              <value>
                <![CDATA[test1234562]]>
              </value>
            </param>
          </params>
          <reporter-output>
          </reporter-output>
        </test-method> <!-- signInTest -->
        <test-method is-config="true" signature="stopDriver()[pri:0, instance:com.sumerge.tests.InvalidSignInTest@2d1ef81a]" started-at="2021-08-22T18:55:14 EET" name="stopDriver" finished-at="2021-08-22T18:55:15 EET" duration-ms="717" status="PASS">
          <reporter-output>
          </reporter-output>
        </test-method> <!-- stopDriver -->
        <test-method is-config="true" signature="startDriver()[pri:0, instance:com.sumerge.tests.InvalidSignInTest@2d1ef81a]" started-at="2021-08-22T18:55:15 EET" name="startDriver" finished-at="2021-08-22T18:55:24 EET" duration-ms="9198" status="PASS">
          <reporter-output>
          </reporter-output>
        </test-method> <!-- startDriver -->
        <test-method signature="signInTest(java.lang.String,java.lang.String)[pri:0, instance:com.sumerge.tests.InvalidSignInTest@2d1ef81a]" started-at="2021-08-22T18:55:24 EET" name="signInTest" data-provider="Invalid Data" finished-at="2021-08-22T18:55:27 EET" duration-ms="3360" status="PASS">
          <params>
            <param index="0">
              <value>
                <![CDATA[invalid2new1@gmail.com]]>
              </value>
            </param>
            <param index="1">
              <value>
                <![CDATA[test1234562]]>
              </value>
            </param>
          </params>
          <reporter-output>
          </reporter-output>
        </test-method> <!-- signInTest -->
        <test-method is-config="true" signature="stopDriver()[pri:0, instance:com.sumerge.tests.InvalidSignInTest@2d1ef81a]" started-at="2021-08-22T18:55:27 EET" name="stopDriver" finished-at="2021-08-22T18:55:28 EET" duration-ms="708" status="PASS">
          <reporter-output>
          </reporter-output>
        </test-method> <!-- stopDriver -->
      </class> <!-- com.sumerge.tests.InvalidSignInTest -->
      <class name="com.sumerge.tests.SignUpTest">
        <test-method is-config="true" signature="startDriver()[pri:0, instance:com.sumerge.tests.SignUpTest@4c402120]" started-at="2021-08-22T18:55:28 EET" name="startDriver" finished-at="2021-08-22T18:55:36 EET" duration-ms="7863" status="PASS">
          <reporter-output>
          </reporter-output>
        </test-method> <!-- startDriver -->
        <test-method signature="signInPageTest(java.lang.String)[pri:0, instance:com.sumerge.tests.SignUpTest@4c402120]" started-at="2021-08-22T18:55:36 EET" name="signInPageTest" data-provider="Signup Data" finished-at="2021-08-22T18:55:39 EET" duration-ms="3607" status="PASS">
          <params>
            <param index="0">
              <value>
                <![CDATA[signuptest11@gmail.com]]>
              </value>
            </param>
          </params>
          <reporter-output>
          </reporter-output>
        </test-method> <!-- signInPageTest -->
        <test-method is-config="true" signature="stopDriver()[pri:0, instance:com.sumerge.tests.SignUpTest@4c402120]" started-at="2021-08-22T18:55:39 EET" name="stopDriver" finished-at="2021-08-22T18:55:41 EET" duration-ms="1144" status="PASS">
          <reporter-output>
          </reporter-output>
        </test-method> <!-- stopDriver -->
        <test-method is-config="true" signature="startDriver()[pri:0, instance:com.sumerge.tests.SignUpTest@4c402120]" started-at="2021-08-22T18:55:41 EET" name="startDriver" finished-at="2021-08-22T18:55:49 EET" duration-ms="7957" status="PASS">
          <reporter-output>
          </reporter-output>
        </test-method> <!-- startDriver -->
        <test-method signature="signInPageTest(java.lang.String)[pri:0, instance:com.sumerge.tests.SignUpTest@4c402120]" started-at="2021-08-22T18:55:49 EET" name="signInPageTest" data-provider="Signup Data" finished-at="2021-08-22T18:55:52 EET" duration-ms="3407" status="PASS">
          <params>
            <param index="0">
              <value>
                <![CDATA[signuptest21@gmail.com]]>
              </value>
            </param>
          </params>
          <reporter-output>
          </reporter-output>
        </test-method> <!-- signInPageTest -->
        <test-method is-config="true" signature="stopDriver()[pri:0, instance:com.sumerge.tests.SignUpTest@4c402120]" started-at="2021-08-22T18:55:52 EET" name="stopDriver" finished-at="2021-08-22T18:55:53 EET" duration-ms="1123" status="PASS">
          <reporter-output>
          </reporter-output>
        </test-method> <!-- stopDriver -->
      </class> <!-- com.sumerge.tests.SignUpTest -->
      <class name="com.sumerge.tests.ValidSignInTest">
        <test-method is-config="true" signature="startDriver()[pri:0, instance:com.sumerge.tests.ValidSignInTest@327514f]" started-at="2021-08-22T18:55:53 EET" name="startDriver" finished-at="2021-08-22T18:56:01 EET" duration-ms="8424" status="PASS">
          <reporter-output>
          </reporter-output>
        </test-method> <!-- startDriver -->
        <test-method signature="signInTest(java.lang.String,java.lang.String)[pri:0, instance:com.sumerge.tests.ValidSignInTest@327514f]" started-at="2021-08-22T18:56:01 EET" name="signInTest" data-provider="Valid Data" finished-at="2021-08-22T18:56:07 EET" duration-ms="5369" status="PASS">
          <params>
            <param index="0">
              <value>
                <![CDATA[valid122new13@gmail.com]]>
              </value>
            </param>
            <param index="1">
              <value>
                <![CDATA[test123456]]>
              </value>
            </param>
          </params>
          <reporter-output>
          </reporter-output>
        </test-method> <!-- signInTest -->
        <test-method is-config="true" signature="stopDriver()[pri:0, instance:com.sumerge.tests.ValidSignInTest@327514f]" started-at="2021-08-22T18:56:07 EET" name="stopDriver" finished-at="2021-08-22T18:56:08 EET" duration-ms="688" status="PASS">
          <reporter-output>
          </reporter-output>
        </test-method> <!-- stopDriver -->
        <test-method is-config="true" signature="startDriver()[pri:0, instance:com.sumerge.tests.ValidSignInTest@327514f]" started-at="2021-08-22T18:56:08 EET" name="startDriver" finished-at="2021-08-22T18:56:15 EET" duration-ms="7942" status="PASS">
          <reporter-output>
          </reporter-output>
        </test-method> <!-- startDriver -->
        <test-method signature="signInTest(java.lang.String,java.lang.String)[pri:0, instance:com.sumerge.tests.ValidSignInTest@327514f]" started-at="2021-08-22T18:56:15 EET" name="signInTest" data-provider="Valid Data" finished-at="2021-08-22T18:56:19 EET" duration-ms="3269" status="PASS">
          <params>
            <param index="0">
              <value>
                <![CDATA[valid211new13@gmail.com]]>
              </value>
            </param>
            <param index="1">
              <value>
                <![CDATA[test1234562]]>
              </value>
            </param>
          </params>
          <reporter-output>
          </reporter-output>
        </test-method> <!-- signInTest -->
        <test-method is-config="true" signature="stopDriver()[pri:0, instance:com.sumerge.tests.ValidSignInTest@327514f]" started-at="2021-08-22T18:56:19 EET" name="stopDriver" finished-at="2021-08-22T18:56:19 EET" duration-ms="683" status="PASS">
          <reporter-output>
          </reporter-output>
        </test-method> <!-- stopDriver -->
      </class> <!-- com.sumerge.tests.ValidSignInTest -->
      <class name="com.sumerge.tests.CartTest">
        <test-method is-config="true" signature="startDriver()[pri:0, instance:com.sumerge.tests.CartTest@40a4337a]" started-at="2021-08-22T18:53:55 EET" name="startDriver" finished-at="2021-08-22T18:54:06 EET" duration-ms="11136" status="PASS">
          <reporter-output>
          </reporter-output>
        </test-method> <!-- startDriver -->
        <test-method signature="cartTest(java.lang.String,java.lang.String)[pri:0, instance:com.sumerge.tests.CartTest@40a4337a]" started-at="2021-08-22T18:54:06 EET" name="cartTest" data-provider="Valid Data" finished-at="2021-08-22T18:54:10 EET" duration-ms="3111" status="FAIL">
          <params>
            <param index="0">
              <value>
                <![CDATA[valid122new13@gmail.com]]>
              </value>
            </param>
            <param index="1">
              <value>
                <![CDATA[test123456]]>
              </value>
            </param>
          </params>
          <exception class="java.lang.AssertionError">
            <message>
              <![CDATA[The following asserts failed:
expected [true] but found [false]]]>
            </message>
            <full-stacktrace>
              <![CDATA[java.lang.AssertionError: The following asserts failed:
expected [true] but found [false]
at org.testng.asserts.SoftAssert.assertAll(SoftAssert.java:47)
at org.testng.asserts.SoftAssert.assertAll(SoftAssert.java:31)
at com.sumerge.tests.BaseTest.checkPage(BaseTest.java:13)
at com.sumerge.tests.CartTest.cartTest(CartTest.java:31)
at java.base/jdk.internal.reflect.NativeMethodAccessorImpl.invoke0(Native Method)
at java.base/jdk.internal.reflect.NativeMethodAccessorImpl.invoke(NativeMethodAccessorImpl.java:62)
at java.base/jdk.internal.reflect.DelegatingMethodAccessorImpl.invoke(DelegatingMethodAccessorImpl.java:43)
at java.base/java.lang.reflect.Method.invoke(Method.java:566)
at org.testng.internal.MethodInvocationHelper.invokeMethod(MethodInvocationHelper.java:133)
at org.testng.internal.TestInvoker.invokeMethod(TestInvoker.java:598)
at org.testng.internal.TestInvoker.invokeTestMethod(TestInvoker.java:173)
at org.testng.internal.MethodRunner.runInSequence(MethodRunner.java:46)
at org.testng.internal.TestInvoker$MethodInvocationAgent.invoke(TestInvoker.java:824)
at org.testng.internal.TestInvoker.invokeTestMethods(TestInvoker.java:146)
at org.testng.internal.TestMethodWorker.invokeTestMethods(TestMethodWorker.java:146)
at org.testng.internal.TestMethodWorker.run(TestMethodWorker.java:128)
at java.base/java.util.ArrayList.forEach(ArrayList.java:1541)
at org.testng.TestRunner.privateRun(TestRunner.java:794)
at org.testng.TestRunner.run(TestRunner.java:596)
at org.testng.SuiteRunner.runTest(SuiteRunner.java:377)
at org.testng.SuiteRunner.runSequentially(SuiteRunner.java:371)
at org.testng.SuiteRunner.privateRun(SuiteRunner.java:332)
at org.testng.SuiteRunner.run(SuiteRunner.java:276)
at org.testng.SuiteRunnerWorker.runSuite(SuiteRunnerWorker.java:53)
at org.testng.SuiteRunnerWorker.run(SuiteRunnerWorker.java:96)
at org.testng.TestNG.runSuitesSequentially(TestNG.java:1212)
at org.testng.TestNG.runSuitesLocally(TestNG.java:1134)
at org.testng.TestNG.runSuites(TestNG.java:1063)
at org.testng.TestNG.run(TestNG.java:1031)
at org.apache.maven.surefire.testng.TestNGExecutor.run(TestNGExecutor.java:135)
at org.apache.maven.surefire.testng.TestNGDirectoryTestSuite.executeMulti(TestNGDirectoryTestSuite.java:193)
at org.apache.maven.surefire.testng.TestNGDirectoryTestSuite.execute(TestNGDirectoryTestSuite.java:94)
at org.apache.maven.surefire.testng.TestNGProvider.invoke(TestNGProvider.java:146)
at org.apache.maven.surefire.booter.ForkedBooter.invokeProviderInSameClassLoader(ForkedBooter.java:384)
at org.apache.maven.surefire.booter.ForkedBooter.runSuitesInProcess(ForkedBooter.java:345)
at org.apache.maven.surefire.booter.ForkedBooter.execute(ForkedBooter.java:126)
at org.apache.maven.surefire.booter.ForkedBooter.main(ForkedBooter.java:418)
]]>
            </full-stacktrace>
          </exception> <!-- java.lang.AssertionError -->
          <reporter-output>
          </reporter-output>
        </test-method> <!-- cartTest -->
        <test-method is-config="true" signature="stopDriver()[pri:0, instance:com.sumerge.tests.CartTest@40a4337a]" started-at="2021-08-22T18:54:10 EET" name="stopDriver" finished-at="2021-08-22T18:54:10 EET" duration-ms="715" status="PASS">
          <reporter-output>
          </reporter-output>
        </test-method> <!-- stopDriver -->
        <test-method is-config="true" signature="startDriver()[pri:0, instance:com.sumerge.tests.CartTest@40a4337a]" started-at="2021-08-22T18:54:10 EET" name="startDriver" finished-at="2021-08-22T18:54:19 EET" duration-ms="8852" status="PASS">
          <reporter-output>
          </reporter-output>
        </test-method> <!-- startDriver -->
        <test-method signature="cartTest(java.lang.String,java.lang.String)[pri:0, instance:com.sumerge.tests.CartTest@40a4337a]" started-at="2021-08-22T18:54:19 EET" name="cartTest" data-provider="Valid Data" finished-at="2021-08-22T18:54:19 EET" duration-ms="7" status="FAIL">
          <params>
            <param index="0">
              <value>
                <![CDATA[valid211new13@gmail.com]]>
              </value>
            </param>
            <param index="1">
              <value>
                <![CDATA[test1234562]]>
              </value>
            </param>
          </params>
          <exception class="java.lang.AssertionError">
            <message>
              <![CDATA[The following asserts failed:
expected [true] but found [false]]]>
            </message>
            <full-stacktrace>
              <![CDATA[java.lang.AssertionError: The following asserts failed:
expected [true] but found [false]
at org.testng.asserts.SoftAssert.assertAll(SoftAssert.java:47)
at org.testng.asserts.SoftAssert.assertAll(SoftAssert.java:31)
at com.sumerge.tests.BaseTest.checkPage(BaseTest.java:13)
at com.sumerge.tests.CartTest.cartTest(CartTest.java:27)
at java.base/jdk.internal.reflect.NativeMethodAccessorImpl.invoke0(Native Method)
at java.base/jdk.internal.reflect.NativeMethodAccessorImpl.invoke(NativeMethodAccessorImpl.java:62)
at java.base/jdk.internal.reflect.DelegatingMethodAccessorImpl.invoke(DelegatingMethodAccessorImpl.java:43)
at java.base/java.lang.reflect.Method.invoke(Method.java:566)
at org.testng.internal.MethodInvocationHelper.invokeMethod(MethodInvocationHelper.java:133)
at org.testng.internal.TestInvoker.invokeMethod(TestInvoker.java:598)
at org.testng.internal.TestInvoker.invokeTestMethod(TestInvoker.java:173)
at org.testng.internal.MethodRunner.runInSequence(MethodRunner.java:46)
at org.testng.internal.TestInvoker$MethodInvocationAgent.invoke(TestInvoker.java:824)
at org.testng.internal.TestInvoker.invokeTestMethods(TestInvoker.java:146)
at org.testng.internal.TestMethodWorker.invokeTestMethods(TestMethodWorker.java:146)
at org.testng.internal.TestMethodWorker.run(TestMethodWorker.java:128)
at java.base/java.util.ArrayList.forEach(ArrayList.java:1541)
at org.testng.TestRunner.privateRun(TestRunner.java:794)
at org.testng.TestRunner.run(TestRunner.java:596)
at org.testng.SuiteRunner.runTest(SuiteRunner.java:377)
at org.testng.SuiteRunner.runSequentially(SuiteRunner.java:371)
at org.testng.SuiteRunner.privateRun(SuiteRunner.java:332)
at org.testng.SuiteRunner.run(SuiteRunner.java:276)
at org.testng.SuiteRunnerWorker.runSuite(SuiteRunnerWorker.java:53)
at org.testng.SuiteRunnerWorker.run(SuiteRunnerWorker.java:96)
at org.testng.TestNG.runSuitesSequentially(TestNG.java:1212)
at org.testng.TestNG.runSuitesLocally(TestNG.java:1134)
at org.testng.TestNG.runSuites(TestNG.java:1063)
at org.testng.TestNG.run(TestNG.java:1031)
at org.apache.maven.surefire.testng.TestNGExecutor.run(TestNGExecutor.java:135)
at org.apache.maven.surefire.testng.TestNGDirectoryTestSuite.executeMulti(TestNGDirectoryTestSuite.java:193)
at org.apache.maven.surefire.testng.TestNGDirectoryTestSuite.execute(TestNGDirectoryTestSuite.java:94)
at org.apache.maven.surefire.testng.TestNGProvider.invoke(TestNGProvider.java:146)
at org.apache.maven.surefire.booter.ForkedBooter.invokeProviderInSameClassLoader(ForkedBooter.java:384)
at org.apache.maven.surefire.booter.ForkedBooter.runSuitesInProcess(ForkedBooter.java:345)
at org.apache.maven.surefire.booter.ForkedBooter.execute(ForkedBooter.java:126)
at org.apache.maven.surefire.booter.ForkedBooter.main(ForkedBooter.java:418)
]]>
            </full-stacktrace>
          </exception> <!-- java.lang.AssertionError -->
          <reporter-output>
          </reporter-output>
        </test-method> <!-- cartTest -->
        <test-method is-config="true" signature="stopDriver()[pri:0, instance:com.sumerge.tests.CartTest@40a4337a]" started-at="2021-08-22T18:54:19 EET" name="stopDriver" finished-at="2021-08-22T18:54:20 EET" duration-ms="713" status="PASS">
          <reporter-output>
          </reporter-output>
        </test-method> <!-- stopDriver -->
      </class> <!-- com.sumerge.tests.CartTest -->
    </test> <!-- Surefire test -->
  </suite> <!-- Surefire suite -->
</testng-results>
